<?xml version="1.0" encoding="UTF-8"?>
<!-- Generated by org.testng.reporters.JUnitXMLReporter -->
<testsuite ignored="0" hostname="Francis" failures="0" tests="5" name="Default test" time="0.07" errors="0" timestamp="2024-12-04T19:51:12 IST">
  <testcase classname="com.sample.InvocationCount" name="tc" time="0.004"/>
  <testcase classname="com.sample.InvocationCount" name="tc" time="0.002"/>
  <testcase classname="com.sample.InvocationCount" name="tc" time="0.001"/>
  <testcase classname="com.sample.InvocationCount" name="tc" time="0.001"/>
  <testcase classname="com.sample.InvocationCount" name="tc" time="0.001"/>
</testsuite> <!-- Default test -->
