<?xml version="1.0" encoding="UTF-8"?>
<!-- Generated by org.testng.reporters.JUnitXMLReporter -->
<testsuite ignored="1" hostname="Francis" failures="0" tests="4" name="Default test" time="0.049" errors="0" timestamp="2024-12-04T19:44:44 IST">
  <testcase classname="com.sample.Enabled" name="TC_001" time="0.006"/>
  <testcase classname="com.sample.Enabled" name="TC_002" time="0.001"/>
  <testcase classname="com.sample.Enabled" name="TC_004" time="0.001"/>
  <testcase classname="com.sample.Enabled" name="TC_005" time="0.0"/>
  <testcase classname="com.sample.Enabled" name="TC_003" time="0.0">
    <ignored/>
  </testcase> <!-- TC_003 -->
</testsuite> <!-- Default test -->
