<?xml version="1.0" encoding="UTF-8"?>
<testng-results ignored="0" total="1" passed="1" failed="0" skipped="0">
  <reporter-output>
  </reporter-output>
  <suite started-at="2024-12-04T18:31:39 IST" name="Default suite" finished-at="2024-12-04T18:31:47 IST" duration-ms="7290">
    <groups>
    </groups>
    <test started-at="2024-12-04T18:31:39 IST" name="Default test" finished-at="2024-12-04T18:31:47 IST" duration-ms="7290">
      <class name="com.sample.ClassA">
        <test-method is-config="true" signature="beforeClass()[pri:0, instance:com.sample.ClassA@5aa9e4eb]" started-at="2024-12-04T18:31:39 IST" name="beforeClass" finished-at="2024-12-04T18:31:39 IST" duration-ms="9" status="PASS">
          <reporter-output>
          </reporter-output>
        </test-method> <!-- beforeClass -->
        <test-method is-config="true" signature="beforeMethod()[pri:0, instance:com.sample.ClassA@5aa9e4eb]" started-at="2024-12-04T18:31:39 IST" name="beforeMethod" finished-at="2024-12-04T18:31:43 IST" duration-ms="3580" status="PASS">
          <reporter-output>
          </reporter-output>
        </test-method> <!-- beforeMethod -->
        <test-method signature="test()[pri:0, instance:com.sample.ClassA@5aa9e4eb]" started-at="2024-12-04T18:31:43 IST" name="test" finished-at="2024-12-04T18:31:43 IST" duration-ms="480" status="PASS">
          <reporter-output>
          </reporter-output>
        </test-method> <!-- test -->
        <test-method is-config="true" signature="afterMethod()[pri:0, instance:com.sample.ClassA@5aa9e4eb]" started-at="2024-12-04T18:31:43 IST" name="afterMethod" finished-at="2024-12-04T18:31:47 IST" duration-ms="3171" status="PASS">
          <reporter-output>
          </reporter-output>
        </test-method> <!-- afterMethod -->
        <test-method is-config="true" signature="afterClass()[pri:0, instance:com.sample.ClassA@5aa9e4eb]" started-at="2024-12-04T18:31:47 IST" name="afterClass" finished-at="2024-12-04T18:31:47 IST" duration-ms="0" status="PASS">
          <reporter-output>
          </reporter-output>
        </test-method> <!-- afterClass -->
      </class> <!-- com.sample.ClassA -->
    </test> <!-- Default test -->
  </suite> <!-- Default suite -->
</testng-results>
