<?xml version="1.0" encoding="UTF-8"?>
<testng-results ignored="0" total="1" passed="1" failed="0" skipped="0">
  <reporter-output>
  </reporter-output>
  <suite started-at="2024-12-04T19:08:42 IST" name="Default suite" finished-at="2024-12-04T19:08:42 IST" duration-ms="44">
    <groups>
      <group name="smoke">
        <method signature="BasicAnnotation.Test_001()[pri:0, instance:com.sample.BasicAnnotation@662ac478]" name="Test_001" class="com.sample.BasicAnnotation"/>
      </group> <!-- smoke -->
    </groups>
    <test started-at="2024-12-04T19:08:42 IST" name="Default test" finished-at="2024-12-04T19:08:42 IST" duration-ms="44">
      <class name="com.sample.BasicAnnotation">
        <test-method is-config="true" signature="beforeSuite()[pri:0, instance:com.sample.BasicAnnotation@662ac478]" started-at="2024-12-04T19:08:42 IST" name="beforeSuite" finished-at="2024-12-04T19:08:42 IST" duration-ms="8" status="PASS">
          <reporter-output>
          </reporter-output>
        </test-method> <!-- beforeSuite -->
        <test-method is-config="true" signature="beforeTest()[pri:0, instance:com.sample.BasicAnnotation@662ac478]" started-at="2024-12-04T19:08:42 IST" name="beforeTest" finished-at="2024-12-04T19:08:42 IST" duration-ms="1" status="PASS">
          <reporter-output>
          </reporter-output>
        </test-method> <!-- beforeTest -->
        <test-method is-config="true" signature="beforeClass()[pri:0, instance:com.sample.BasicAnnotation@662ac478]" started-at="2024-12-04T19:08:42 IST" name="beforeClass" finished-at="2024-12-04T19:08:42 IST" duration-ms="1" status="PASS">
          <reporter-output>
          </reporter-output>
        </test-method> <!-- beforeClass -->
        <test-method is-config="true" signature="beforeMethod()[pri:0, instance:com.sample.BasicAnnotation@662ac478]" started-at="2024-12-04T19:08:42 IST" name="beforeMethod" finished-at="2024-12-04T19:08:42 IST" duration-ms="0" status="PASS">
          <reporter-output>
          </reporter-output>
        </test-method> <!-- beforeMethod -->
        <test-method signature="Test_001()[pri:0, instance:com.sample.BasicAnnotation@662ac478]" started-at="2024-12-04T19:08:42 IST" name="Test_001" finished-at="2024-12-04T19:08:42 IST" duration-ms="4" status="PASS">
          <reporter-output>
          </reporter-output>
        </test-method> <!-- Test_001 -->
        <test-method is-config="true" signature="afterMethod()[pri:0, instance:com.sample.BasicAnnotation@662ac478]" started-at="2024-12-04T19:08:42 IST" name="afterMethod" finished-at="2024-12-04T19:08:42 IST" duration-ms="0" status="PASS">
          <reporter-output>
          </reporter-output>
        </test-method> <!-- afterMethod -->
        <test-method is-config="true" signature="afterClass()[pri:0, instance:com.sample.BasicAnnotation@662ac478]" started-at="2024-12-04T19:08:42 IST" name="afterClass" finished-at="2024-12-04T19:08:42 IST" duration-ms="0" status="PASS">
          <reporter-output>
          </reporter-output>
        </test-method> <!-- afterClass -->
        <test-method is-config="true" signature="afterTest()[pri:0, instance:com.sample.BasicAnnotation@662ac478]" started-at="2024-12-04T19:08:42 IST" name="afterTest" finished-at="2024-12-04T19:08:42 IST" duration-ms="1" status="PASS">
          <reporter-output>
          </reporter-output>
        </test-method> <!-- afterTest -->
        <test-method is-config="true" signature="afterSuite()[pri:0, instance:com.sample.BasicAnnotation@662ac478]" started-at="2024-12-04T19:08:42 IST" name="afterSuite" finished-at="2024-12-04T19:08:42 IST" duration-ms="0" status="PASS">
          <reporter-output>
          </reporter-output>
        </test-method> <!-- afterSuite -->
      </class> <!-- com.sample.BasicAnnotation -->
    </test> <!-- Default test -->
  </suite> <!-- Default suite -->
</testng-results>
